{"/home/isaac/Projects/microfrontend-jest/src/App.jsx": {"path":"/home/isaac/Projects/microfrontend-jest/src/App.jsx","statementMap":{"0":{"start":{"line":4,"column":12},"end":{"line":11,"column":1}},"1":{"start":{"line":5,"column":2},"end":{"line":10,"column":8}},"2":{"start":{"line":12,"column":0},"end":{"line":12,"column":57}}},"fnMap":{"0":{"name":"(anonymous_0)","decl":{"start":{"line":4,"column":12},"end":{"line":4,"column":13}},"loc":{"start":{"line":5,"column":2},"end":{"line":10,"column":8}},"line":5}},"branchMap":{},"s":{"0":0,"1":0,"2":0},"f":{"0":0},"b":{}}
,"/home/isaac/Projects/microfrontend-jest/src/index.js": {"path":"/home/isaac/Projects/microfrontend-jest/src/index.js","statementMap":{"0":{"start":{"line":1,"column":0},"end":{"line":1,"column":16}}},"fnMap":{},"branchMap":{},"s":{"0":0},"f":{},"b":{}}
,"/home/isaac/Projects/microfrontend-jest/src/components/App.jsx": {"path":"/home/isaac/Projects/microfrontend-jest/src/components/App.jsx","statementMap":{"0":{"start":{"line":4,"column":2},"end":{"line":8,"column":5}},"1":{"start":{"line":5,"column":4},"end":{"line":7,"column":12}},"2":{"start":{"line":6,"column":6},"end":{"line":6,"column":16}},"3":{"start":{"line":9,"column":2},"end":{"line":9,"column":32}},"4":{"start":{"line":13,"column":30},"end":{"line":13,"column":48}},"5":{"start":{"line":14,"column":26},"end":{"line":14,"column":46}},"6":{"start":{"line":16,"column":2},"end":{"line":22,"column":9}},"7":{"start":{"line":18,"column":26},"end":{"line":18,"column":41}},"8":{"start":{"line":19,"column":6},"end":{"line":19,"column":27}},"9":{"start":{"line":21,"column":4},"end":{"line":21,"column":16}},"10":{"start":{"line":25,"column":4},"end":{"line":25,"column":34}},"11":{"start":{"line":28,"column":2},"end":{"line":37,"column":4}},"12":{"start":{"line":41,"column":2},"end":{"line":52,"column":4}}},"fnMap":{"0":{"name":"getUser","decl":{"start":{"line":3,"column":15},"end":{"line":3,"column":22}},"loc":{"start":{"line":3,"column":25},"end":{"line":10,"column":1}},"line":3},"1":{"name":"(anonymous_1)","decl":{"start":{"line":4,"column":20},"end":{"line":4,"column":21}},"loc":{"start":{"line":4,"column":29},"end":{"line":8,"column":3}},"line":4},"2":{"name":"(anonymous_2)","decl":{"start":{"line":5,"column":15},"end":{"line":5,"column":16}},"loc":{"start":{"line":5,"column":21},"end":{"line":7,"column":5}},"line":5},"3":{"name":"App","decl":{"start":{"line":12,"column":9},"end":{"line":12,"column":12}},"loc":{"start":{"line":12,"column":15},"end":{"line":38,"column":1}},"line":12},"4":{"name":"(anonymous_4)","decl":{"start":{"line":16,"column":18},"end":{"line":16,"column":19}},"loc":{"start":{"line":16,"column":24},"end":{"line":22,"column":3}},"line":16},"5":{"name":"fetchUser","decl":{"start":{"line":17,"column":19},"end":{"line":17,"column":28}},"loc":{"start":{"line":17,"column":31},"end":{"line":20,"column":5}},"line":17},"6":{"name":"handleChange","decl":{"start":{"line":24,"column":11},"end":{"line":24,"column":23}},"loc":{"start":{"line":24,"column":31},"end":{"line":26,"column":3}},"line":24},"7":{"name":"Search","decl":{"start":{"line":40,"column":16},"end":{"line":40,"column":22}},"loc":{"start":{"line":40,"column":54},"end":{"line":53,"column":1}},"line":40}},"branchMap":{"0":{"loc":{"start":{"line":30,"column":7},"end":{"line":30,"column":52}},"type":"cond-expr","locations":[{"start":{"line":30,"column":14},"end":{"line":30,"column":45}},{"start":{"line":30,"column":48},"end":{"line":30,"column":52}}],"line":30},"1":{"loc":{"start":{"line":35,"column":23},"end":{"line":35,"column":46}},"type":"cond-expr","locations":[{"start":{"line":35,"column":32},"end":{"line":35,"column":38}},{"start":{"line":35,"column":41},"end":{"line":35,"column":46}}],"line":35}},"s":{"0":0,"1":0,"2":0,"3":0,"4":0,"5":0,"6":0,"7":0,"8":0,"9":0,"10":0,"11":0,"12":0},"f":{"0":0,"1":0,"2":0,"3":0,"4":0,"5":0,"6":0,"7":0},"b":{"0":[0,0],"1":[0,0]}}
,"/home/isaac/Projects/microfrontend-jest/src/components/Async.jsx": {"path":"/home/isaac/Projects/microfrontend-jest/src/components/Async.jsx","statementMap":{"0":{"start":{"line":3,"column":12},"end":{"line":3,"column":50}},"1":{"start":{"line":6,"column":32},"end":{"line":6,"column":50}},"2":{"start":{"line":7,"column":28},"end":{"line":7,"column":48}},"3":{"start":{"line":10,"column":4},"end":{"line":17,"column":5}},"4":{"start":{"line":11,"column":23},"end":{"line":11,"column":56}},"5":{"start":{"line":12,"column":21},"end":{"line":12,"column":42}},"6":{"start":{"line":14,"column":6},"end":{"line":14,"column":30}},"7":{"start":{"line":16,"column":6},"end":{"line":16,"column":22}},"8":{"start":{"line":20,"column":2},"end":{"line":36,"column":4}},"9":{"start":{"line":30,"column":10},"end":{"line":32,"column":15}}},"fnMap":{"0":{"name":"AsyncComponent","decl":{"start":{"line":5,"column":24},"end":{"line":5,"column":38}},"loc":{"start":{"line":5,"column":41},"end":{"line":37,"column":1}},"line":5},"1":{"name":"handleFetch","decl":{"start":{"line":9,"column":17},"end":{"line":9,"column":28}},"loc":{"start":{"line":9,"column":31},"end":{"line":18,"column":3}},"line":9},"2":{"name":"(anonymous_2)","decl":{"start":{"line":29,"column":21},"end":{"line":29,"column":22}},"loc":{"start":{"line":30,"column":10},"end":{"line":32,"column":15}},"line":30}},"branchMap":{"0":{"loc":{"start":{"line":26,"column":7},"end":{"line":26,"column":53}},"type":"binary-expr","locations":[{"start":{"line":26,"column":7},"end":{"line":26,"column":12}},{"start":{"line":26,"column":16},"end":{"line":26,"column":53}}],"line":26}},"s":{"0":0,"1":0,"2":0,"3":0,"4":0,"5":0,"6":0,"7":0,"8":0,"9":0},"f":{"0":0,"1":0,"2":0},"b":{"0":[0,0]}}
,"/home/isaac/Projects/microfrontend-jest/src/components/hooks/useCounter.jsx": {"path":"/home/isaac/Projects/microfrontend-jest/src/components/hooks/useCounter.jsx","statementMap":{"0":{"start":{"line":4,"column":32},"end":{"line":4,"column":49}},"1":{"start":{"line":6,"column":2},"end":{"line":9,"column":4}}},"fnMap":{"0":{"name":"useCounter","decl":{"start":{"line":3,"column":16},"end":{"line":3,"column":26}},"loc":{"start":{"line":3,"column":29},"end":{"line":10,"column":1}},"line":3}},"branchMap":{},"s":{"0":0,"1":0},"f":{"0":0},"b":{}}
,"/home/isaac/Projects/microfrontend-jest/src/utils/math.js": {"path":"/home/isaac/Projects/microfrontend-jest/src/utils/math.js","statementMap":{"0":{"start":{"line":2,"column":2},"end":{"line":2,"column":15}},"1":{"start":{"line":6,"column":2},"end":{"line":6,"column":15}},"2":{"start":{"line":10,"column":2},"end":{"line":10,"column":15}},"3":{"start":{"line":14,"column":2},"end":{"line":14,"column":15}}},"fnMap":{"0":{"name":"add","decl":{"start":{"line":1,"column":16},"end":{"line":1,"column":19}},"loc":{"start":{"line":1,"column":26},"end":{"line":3,"column":1}},"line":1},"1":{"name":"subtract","decl":{"start":{"line":5,"column":16},"end":{"line":5,"column":24}},"loc":{"start":{"line":5,"column":31},"end":{"line":7,"column":1}},"line":5},"2":{"name":"multiply","decl":{"start":{"line":9,"column":16},"end":{"line":9,"column":24}},"loc":{"start":{"line":9,"column":31},"end":{"line":11,"column":1}},"line":9},"3":{"name":"divide","decl":{"start":{"line":13,"column":16},"end":{"line":13,"column":22}},"loc":{"start":{"line":13,"column":29},"end":{"line":15,"column":1}},"line":13}},"branchMap":{},"s":{"0":3,"1":0,"2":0,"3":0},"f":{"0":3,"1":0,"2":0,"3":0},"b":{},"_coverageSchema":"1a1c01bbd47fc00a2c39e90264f33305004495a9","hash":"6bb0c98ab6e179d947a9a1d49decbf7d6392119a"}
}
