TN:
SF:src/App.jsx
FN:4,(anonymous_0)
FNF:1
FNH:0
FNDA:0,(anonymous_0)
DA:4,0
DA:5,0
DA:12,0
LF:3
LH:0
BRF:0
BRH:0
end_of_record
TN:
SF:src/index.js
FNF:0
FNH:0
DA:1,0
LF:1
LH:0
BRF:0
BRH:0
end_of_record
TN:
SF:src/components/App.jsx
FN:3,getUser
FN:4,(anonymous_1)
FN:5,(anonymous_2)
FN:12,App
FN:16,(anonymous_4)
FN:17,fetchUser
FN:24,handleChange
FN:40,Search
FNF:8
FNH:0
FNDA:0,getUser
FNDA:0,(anonymous_1)
FNDA:0,(anonymous_2)
FNDA:0,App
FNDA:0,(anonymous_4)
FNDA:0,fetchUser
FNDA:0,handleChange
FNDA:0,Search
DA:4,0
DA:5,0
DA:6,0
DA:9,0
DA:13,0
DA:14,0
DA:16,0
DA:18,0
DA:19,0
DA:21,0
DA:25,0
DA:28,0
DA:41,0
LF:13
LH:0
BRDA:30,0,0,0
BRDA:30,0,1,0
BRDA:35,1,0,0
BRDA:35,1,1,0
BRF:4
BRH:0
end_of_record
TN:
SF:src/components/Async.jsx
FN:5,AsyncComponent
FN:9,handleFetch
FN:29,(anonymous_2)
FNF:3
FNH:0
FNDA:0,AsyncComponent
FNDA:0,handleFetch
FNDA:0,(anonymous_2)
DA:3,0
DA:6,0
DA:7,0
DA:10,0
DA:11,0
DA:12,0
DA:14,0
DA:16,0
DA:20,0
DA:30,0
LF:10
LH:0
BRDA:26,0,0,0
BRDA:26,0,1,0
BRF:2
BRH:0
end_of_record
TN:
SF:src/components/hooks/useCounter.jsx
FN:3,useCounter
FNF:1
FNH:0
FNDA:0,useCounter
DA:4,0
DA:6,0
LF:2
LH:0
BRF:0
BRH:0
end_of_record
TN:
SF:src/utils/math.js
FN:1,add
FN:5,subtract
FN:9,multiply
FN:13,divide
FNF:4
FNH:1
FNDA:3,add
FNDA:0,subtract
FNDA:0,multiply
FNDA:0,divide
DA:2,3
DA:6,0
DA:10,0
DA:14,0
LF:4
LH:1
BRF:0
BRH:0
end_of_record
